<?xml version="1.0" encoding="UTF-8"?>
<!-- Generated by org.testng.reporters.JUnitReportReporter -->
<testsuite hostname="LAPTOP-SVE72CUP" failures="0" tests="1" name="automation.testsuite.XpathPractice_Day8" time="0.072" errors="0" timestamp="2023-07-30T17:52:55 ICT" skipped="0">
  <testcase classname="automation.testsuite.XpathPractice_Day8" name="findElement" time="0.072"/>
</testsuite> <!-- automation.testsuite.XpathPractice_Day8 -->
