<?xml version="1.0" encoding="UTF-8"?>
<!-- Generated by org.testng.reporters.JUnitReportReporter -->
<testsuite hostname="LAPTOP-SVE72CUP" failures="0" tests="1" name="automation.testsuite.LoginTest2" time="8.041" errors="0" timestamp="2023-08-20T08:46:28 ICT" skipped="0">
  <testcase classname="automation.testsuite.LoginTest2" name="logoutSuccessfuly" time="8.041"/>
</testsuite> <!-- automation.testsuite.LoginTest2 -->
