<?xml version="1.0" encoding="UTF-8"?>
<!-- Generated by org.testng.reporters.JUnitReportReporter -->
<testsuite hostname="LAPTOP-SVE72CUP" failures="0" tests="1" name="automation.testsuite.Day12_CheckBox" time="5.412" errors="0" timestamp="2023-08-19T16:50:30 ICT" skipped="0">
  <testcase classname="automation.testsuite.Day12_CheckBox" name="handleCheckBox" time="5.412"/>
</testsuite> <!-- automation.testsuite.Day12_CheckBox -->
